c:\users\acer\source\repos\autobase\debug\vc142.pdb
c:\users\acer\source\repos\autobase\debug\vc142.idb
c:\users\acer\source\repos\autobase\debug\timetable.obj
c:\users\acer\source\repos\autobase\debug\route.obj
c:\users\acer\source\repos\autobase\debug\rangemessage.obj
c:\users\acer\source\repos\autobase\debug\order.obj
c:\users\acer\source\repos\autobase\debug\menu.obj
c:\users\acer\source\repos\autobase\debug\manager.obj
c:\users\acer\source\repos\autobase\debug\errormessage.obj
c:\users\acer\source\repos\autobase\debug\drivers.obj
c:\users\acer\source\repos\autobase\debug\driver.obj
c:\users\acer\source\repos\autobase\debug\container.obj
c:\users\acer\source\repos\autobase\debug\auto.obj
c:\users\acer\source\repos\autobase\debug\arraymessage.obj
c:\users\acer\source\repos\autobase\debug\autobase.obj
c:\users\acer\source\repos\autobase\debug\autobase.exe
c:\users\acer\source\repos\autobase\debug\autobase.ilk
c:\users\acer\source\repos\autobase\debug\autobase.pdb
c:\users\acer\source\repos\autobase\debug\autobase.tlog\cl.command.1.tlog
c:\users\acer\source\repos\autobase\debug\autobase.tlog\cl.read.1.tlog
c:\users\acer\source\repos\autobase\debug\autobase.tlog\cl.write.1.tlog
c:\users\acer\source\repos\autobase\debug\autobase.tlog\link.command.1.tlog
c:\users\acer\source\repos\autobase\debug\autobase.tlog\link.read.1.tlog
c:\users\acer\source\repos\autobase\debug\autobase.tlog\link.write.1.tlog
